<?xml version="1.0" encoding="UTF-8"?>
<testng-results skipped="1" failed="0" ignored="0" total="1" passed="0">
  <reporter-output>
  </reporter-output>
  <suite name="Command line suite" duration-ms="56" started-at="2019-09-22T18:07:43 EDT" finished-at="2019-09-22T18:07:43 EDT">
    <groups>
    </groups>
    <test name="Command line test" duration-ms="56" started-at="2019-09-22T18:07:43 EDT" finished-at="2019-09-22T18:07:43 EDT">
      <class name="com.apptium.testng_data_provider.TestNG_DataProvider">
        <test-method status="SKIP" signature="amcTest(java.lang.String, java.lang.String, java.lang.String)[pri:0, instance:com.apptium.testng_data_provider.TestNG_DataProvider@580929]" name="amcTest" duration-ms="0" started-at="2019-09-22T18:07:43 EDT" data-provider="getData" finished-at="2019-09-22T18:07:43 EDT">
          <exception class="java.lang.RuntimeException">
            <message>
              <![CDATA[java.lang.RuntimeException: java.lang.NullPointerException]]>
            </message>
            <full-stacktrace>
              <![CDATA[java.lang.RuntimeException: java.lang.RuntimeException: java.lang.NullPointerException
at org.testng.internal.MethodInvocationHelper.invokeMethodNoCheckedException(MethodInvocationHelper.java:49)
at org.testng.internal.MethodInvocationHelper.invokeDataProvider(MethodInvocationHelper.java:144)
at org.testng.internal.Parameters.handleParameters(Parameters.java:794)
at org.testng.internal.Parameters.handleParameters(Parameters.java:739)
at org.testng.internal.ParameterHandler.handleParameters(ParameterHandler.java:60)
at org.testng.internal.ParameterHandler.createParameters(ParameterHandler.java:39)
at org.testng.internal.TestInvoker$MethodInvocationAgent.invoke(TestInvoker.java:757)
at org.testng.internal.TestInvoker.invokeTestMethods(TestInvoker.java:143)
at org.testng.internal.TestMethodWorker.invokeTestMethods(TestMethodWorker.java:146)
at org.testng.internal.TestMethodWorker.run(TestMethodWorker.java:128)
at org.testng.TestRunner.privateRun(TestRunner.java:763)
at org.testng.TestRunner.run(TestRunner.java:594)
at org.testng.SuiteRunner.runTest(SuiteRunner.java:398)
at org.testng.SuiteRunner.runSequentially(SuiteRunner.java:392)
at org.testng.SuiteRunner.privateRun(SuiteRunner.java:355)
at org.testng.SuiteRunner.run(SuiteRunner.java:304)
at org.testng.SuiteRunnerWorker.runSuite(SuiteRunnerWorker.java:53)
at org.testng.SuiteRunnerWorker.run(SuiteRunnerWorker.java:96)
at org.testng.TestNG.runSuitesSequentially(TestNG.java:1146)
at org.testng.TestNG.runSuitesLocally(TestNG.java:1067)
at org.testng.TestNG.runSuites(TestNG.java:997)
at org.testng.TestNG.run(TestNG.java:965)
at com.apptium.testng_data_provider.Main.main(Main.java:14)
Caused by: java.lang.RuntimeException: java.lang.NullPointerException
at com.apptium.utilities.ExelUtil.<init>(ExelUtil.java:32)
at com.apptium.testng_data_provider.TestNG_DataProvider.getData(TestNG_DataProvider.java:66)
at sun.reflect.NativeMethodAccessorImpl.invoke0(Native Method)
at sun.reflect.NativeMethodAccessorImpl.invoke(NativeMethodAccessorImpl.java:62)
at sun.reflect.DelegatingMethodAccessorImpl.invoke(DelegatingMethodAccessorImpl.java:43)
at java.lang.reflect.Method.invoke(Method.java:498)
at org.testng.internal.MethodInvocationHelper.invokeMethod(MethodInvocationHelper.java:131)
at org.testng.internal.MethodInvocationHelper.invokeMethod(MethodInvocationHelper.java:76)
at org.testng.internal.MethodInvocationHelper.invokeMethodNoCheckedException(MethodInvocationHelper.java:45)
... 22 more
Caused by: java.lang.NullPointerException
at org.apache.poi.poifs.filesystem.FileMagic.prepareToCheckMagic(FileMagic.java:184)
at org.apache.poi.ss.usermodel.WorkbookFactory.create(WorkbookFactory.java:224)
at org.apache.poi.ss.usermodel.WorkbookFactory.create(WorkbookFactory.java:198)
at com.apptium.utilities.ExelUtil.<init>(ExelUtil.java:26)
... 30 more
]]>
            </full-stacktrace>
          </exception> <!-- java.lang.RuntimeException -->
          <reporter-output>
          </reporter-output>
        </test-method> <!-- amcTest -->
      </class> <!-- com.apptium.testng_data_provider.TestNG_DataProvider -->
    </test> <!-- Command line test -->
  </suite> <!-- Command line suite -->
</testng-results>
